2020-05-24 14:00:38,516 - janet - INFO - Iniciando m贸dulos.
2020-05-24 14:00:38,517 - janet - INFO - Iniciando m贸dulo Jarvis
2020-05-24 14:01:27,100 - janet - INFO - Jarvis iniciado
2020-05-24 14:01:27,100 - janet - INFO - Iniciando m贸dulo WMS
2020-05-24 14:01:27,100 - janet - INFO - WMS iniciado
2020-05-24 14:01:27,100 - janet - INFO - Iniciando m贸dulo MongoDB
2020-05-24 14:01:27,101 - janet - INFO - MongoDB iniciado
2020-05-24 14:01:27,101 - janet - INFO - Preparado.
2020-05-24 14:11:20,347 - janet - INFO - Usuario conectado por POST: pvzz5g4k3hniy45v44c4l3l25j8rthwu55nd6c83gh3zpeth7r341w3c0rwd3n87d84d1shprio78f1hy59fk1n8utdai8aj22oqyudausg7pyq26oorwqbk25ov6m82f6
2020-05-24 14:11:28,761 - janet - INFO - Usuario conectado por POST: pvzz5g4k3hniy45v44c4l3l25j8rthwu55nd6c83gh3zpeth7r341w3c0rwd3n87d84d1shprio78f1hy59fk1n8utdai8aj22oqyudausg7pyq26oorwqbk25ov6m82f6
2020-05-24 14:17:45,424 - janet - INFO - Usuario conectado por POST: pvzz5g4k3hniy45v44c4l3l25j8rthwu55nd6c83gh3zpeth7r341w3c0rwd3n87d84d1shprio78f1hy59fk1n8utdai8aj22oqyudausg7pyq26oorwqbk25ov6m82f6
2020-05-24 14:19:09,849 - janet - INFO - Usuario conectado por POST: pvzz5g4k3hniy45v44c4l3l25j8rthwu55nd6c83gh3zpeth7r341w3c0rwd3n87d84d1shprio78f1hy59fk1n8utdai8aj22oqyudausg7pyq26oorwqbk25ov6m82f6
2020-05-24 15:13:00,810 - janet - INFO - Usuario conectado por POST: 9ne5fy84k48rr55ncgb698xgz0f9tht9x95l7rgno38mzkmr7z5ps2j3ssrypgu3k4dqndhrvj55fjfmbdnchkddnkliv42lvjif7paugf3cgg2nc19qp0ycwm5wtqve8v
2020-05-24 15:13:05,299 - janet - INFO - Usuario conectado por POST: 9ne5fy84k48rr55ncgb698xgz0f9tht9x95l7rgno38mzkmr7z5ps2j3ssrypgu3k4dqndhrvj55fjfmbdnchkddnkliv42lvjif7paugf3cgg2nc19qp0ycwm5wtqve8v
2020-05-24 15:16:01,496 - janet - INFO - Usuario conectado por POST: 9ne5fy84k48rr55ncgb698xgz0f9tht9x95l7rgno38mzkmr7z5ps2j3ssrypgu3k4dqndhrvj55fjfmbdnchkddnkliv42lvjif7paugf3cgg2nc19qp0ycwm5wtqve8v
2020-05-24 15:16:08,589 - janet - INFO - Usuario conectado por POST: 9ne5fy84k48rr55ncgb698xgz0f9tht9x95l7rgno38mzkmr7z5ps2j3ssrypgu3k4dqndhrvj55fjfmbdnchkddnkliv42lvjif7paugf3cgg2nc19qp0ycwm5wtqve8v
2020-05-24 15:16:24,933 - janet - INFO - Usuario conectado por POST: 9ne5fy84k48rr55ncgb698xgz0f9tht9x95l7rgno38mzkmr7z5ps2j3ssrypgu3k4dqndhrvj55fjfmbdnchkddnkliv42lvjif7paugf3cgg2nc19qp0ycwm5wtqve8v
2020-05-24 15:16:49,643 - janet - INFO - Usuario conectado por POST: 9ne5fy84k48rr55ncgb698xgz0f9tht9x95l7rgno38mzkmr7z5ps2j3ssrypgu3k4dqndhrvj55fjfmbdnchkddnkliv42lvjif7paugf3cgg2nc19qp0ycwm5wtqve8v
2020-05-24 15:17:16,207 - janet - INFO - Usuario conectado por POST: 3ut5fkwspty91fpxhqe51lz2xu1mgenlqdv4bq970fkqbmhpp6ai77d75rz14d3fmoit838syan9d613518a9l3l6tjveqdhlnmlhkyda3gwrrx67zvbcmv72o8wtw2ws9
2020-05-24 15:19:19,338 - janet - INFO - Usuario conectado por POST: 9ne5fy84k48rr55ncgb698xgz0f9tht9x95l7rgno38mzkmr7z5ps2j3ssrypgu3k4dqndhrvj55fjfmbdnchkddnkliv42lvjif7paugf3cgg2nc19qp0ycwm5wtqve8v
2020-05-24 15:21:24,866 - janet - INFO - Usuario conectado por POST: 9ne5fy84k48rr55ncgb698xgz0f9tht9x95l7rgno38mzkmr7z5ps2j3ssrypgu3k4dqndhrvj55fjfmbdnchkddnkliv42lvjif7paugf3cgg2nc19qp0ycwm5wtqve8v
2020-05-24 15:23:10,985 - janet - INFO - Usuario conectado por POST: 9ne5fy84k48rr55ncgb698xgz0f9tht9x95l7rgno38mzkmr7z5ps2j3ssrypgu3k4dqndhrvj55fjfmbdnchkddnkliv42lvjif7paugf3cgg2nc19qp0ycwm5wtqve8v
